<?xml version="1.0" encoding="UTF-8"?>
<!-- Generated by org.testng.reporters.JUnitReportReporter -->
<testsuite hostname="hqr-aabdulkarem" failures="0" tests="3" name="tmp.TmpTest" time="0.000" errors="0" timestamp="2022-03-27T12:01:32 AST" skipped="2">
  <testcase classname="tmp.TmpTest" name="test" time="0.000"/>
  <system-out/>
  <testcase classname="tmp.TmpTest" name="test">
    <skipped/>
  </testcase> <!-- test -->
  <system-out/>
  <testcase classname="tmp.TmpTest" name="tmp">
    <skipped/>
  </testcase> <!-- tmp -->
  <system-out/>
</testsuite> <!-- tmp.TmpTest -->
